Looking for git in: git
Using git 2.23.0.rc1 from git
> git rev-parse --show-toplevel
> git rev-parse --git-dir
> git config --get commit.template
Open repository: /var/www/html/tia_asa-php-officiel
> git status -z -u
> git symbolic-ref --short HEAD
> git rev-parse server
> git rev-parse --symbolic-full-name server@{u}
> git rev-list --left-right server...refs/remotes/origin/server
> git for-each-ref --format %(refname) %(objectname) --sort -committerdate
> git remote --verbose
> git check-ignore -v -z --stdin
> git status -z -u
> git symbolic-ref --short HEAD
> git rev-parse server
> git rev-parse --symbolic-full-name server@{u}
> git rev-list --left-right server...refs/remotes/origin/server
> git for-each-ref --format %(refname) %(objectname) --sort -committerdate
> git remote --verbose
> git status -z -u
> git symbolic-ref --short HEAD
> git rev-parse server
> git rev-parse --symbolic-full-name server@{u}
> git rev-list --left-right server...refs/remotes/origin/server
> git for-each-ref --format %(refname) %(objectname) --sort -committerdate
> git remote --verbose
> git status -z -u
> git symbolic-ref --short HEAD
> git rev-parse server
> git rev-parse --symbolic-full-name server@{u}
> git rev-list --left-right server...refs/remotes/origin/server
> git for-each-ref --format %(refname) %(objectname) --sort -committerdate
> git remote --verbose
> git check-ignore -v -z --stdin
> git status -z -u
> git symbolic-ref --short HEAD
> git rev-parse server
> git rev-parse --symbolic-full-name server@{u}
> git rev-list --left-right server...refs/remotes/origin/server
> git for-each-ref --format %(refname) %(objectname) --sort -committerdate
> git remote --verbose
> git check-ignore -v -z --stdin
> git check-ignore -v -z --stdin
> git status -z -u
> git symbolic-ref --short HEAD
> git rev-parse server
> git rev-parse --symbolic-full-name server@{u}
> git rev-list --left-right server...refs/remotes/origin/server
> git for-each-ref --format %(refname) %(objectname) --sort -committerdate
> git remote --verbose
> git status -z -u
> git symbolic-ref --short HEAD
> git rev-parse server
> git rev-parse --symbolic-full-name server@{u}
> git rev-list --left-right server...refs/remotes/origin/server
> git for-each-ref --format %(refname) %(objectname) --sort -committerdate
> git remote --verbose
> git check-ignore -v -z --stdin
> git show :view/topnav.php
> git status -z -u
> git symbolic-ref --short HEAD
> git rev-parse server
> git rev-parse --symbolic-full-name server@{u}
> git rev-list --left-right server...refs/remotes/origin/server
> git for-each-ref --format %(refname) %(objectname) --sort -committerdate
> git remote --verbose
> git status -z -u
> git symbolic-ref --short HEAD
> git rev-parse server
> git rev-parse --symbolic-full-name server@{u}
> git rev-list --left-right server...refs/remotes/origin/server
> git for-each-ref --format %(refname) %(objectname) --sort -committerdate
> git remote --verbose
> git check-ignore -v -z --stdin
> git check-ignore -v -z --stdin
> git show :view/topnav.php
> git status -z -u
> git symbolic-ref --short HEAD
> git rev-parse server
> git rev-parse --symbolic-full-name server@{u}
> git rev-list --left-right server...refs/remotes/origin/server
> git for-each-ref --format %(refname) %(objectname) --sort -committerdate
> git remote --verbose
> git check-ignore -v -z --stdin
> git status -z -u
> git symbolic-ref --short HEAD
> git rev-parse server
> git rev-parse --symbolic-full-name server@{u}
> git rev-list --left-right server...refs/remotes/origin/server
> git for-each-ref --format %(refname) %(objectname) --sort -committerdate
> git remote --verbose
> git show :view/untitled
> git status -z -u
> git symbolic-ref --short HEAD
> git rev-parse server
> git rev-parse --symbolic-full-name server@{u}
> git rev-list --left-right server...refs/remotes/origin/server
> git for-each-ref --format %(refname) %(objectname) --sort -committerdate
> git remote --verbose
